SPAM
Total Words: 30132
Dictionary Size: 4662

HAM
Total Words: 21214
Dictionary Size: 3018

000-273-spam.eml	SPAM	1
000-275-spam.eml	SPAM	1
000-276-spam.eml	SPAM	1
000-278-spam.eml	SPAM	1
000-279-spam.eml	SPAM	1
000-280-spam.eml	SPAM	1
000-282-spam.eml	SPAM	1
000-283-spam.eml	SPAM	1
000-284-spam.eml	SPAM	1
000-285-spam.eml	SPAM	1
000-286-spam.eml	SPAM	1
000-288-spam.eml	SPAM	1
000-289-spam.eml	SPAM	1
000-292-spam.eml	SPAM	1
000-293-spam.eml	SPAM	1
000-295-spam.eml	SPAM	1
000-296-spam.eml	SPAM	1
000-299-spam.eml	SPAM	1
001-000-spam.eml	SPAM	1
001-003-spam.eml	SPAM	0.9999999999999990796943964251
001-008-spam.eml	SPAM	1
001-009-spam.eml	SPAM	0.9999999999999991165123994967
001-010-spam.eml	SPAM	1
001-013-spam.eml	SPAM	1
001-014-spam.eml	SPAM	0.9999999999998365592955627308
001-015-spam.eml	SPAM	1
001-016-spam.eml	SPAM	1
001-017-spam.eml	SPAM	1
001-018-spam.eml	SPAM	1
001-019-spam.eml	SPAM	0.9999999999999999999999983167
001-174-ham.eml	HAM	7.126144105121537997393564618E-99
001-186-ham.eml	HAM	2.493248167802497635954902590E-77
001-187-ham.eml	HAM	1.021211799914004881295816828E-47
001-188-ham.eml	HAM	3.027112621589597982174169586E-61
001-193-ham.eml	HAM	8.952399408769073351433388694E-134
001-204-ham.eml	HAM	4.067211159410197081548894376E-135
001-206-ham.eml	HAM	4.595109407053495780786973143E-156
001-222-ham.eml	HAM	8.112042131114433748491017227E-48
001-223-ham.eml	HAM	6.807623009201625787726034611E-156
001-227-ham.eml	HAM	2.010125827394068428912677139E-194
001-229-ham.eml	HAM	7.714525444306575195590241984E-201
001-231-ham.eml	HAM	8.962580383122863773860627330E-211
001-232-ham.eml	HAM	5.296251928494865031150543761E-45
001-233-ham.eml	HAM	2.915420238124511196480074087E-62
001-238-ham.eml	HAM	8.873337755792714380006656123E-153
001-240-ham.eml	HAM	3.584348239602589279874473504E-148
001-243-ham.eml	HAM	1.294372847597761761229373362E-139
001-245-ham.eml	HAM	8.518182867989185014729514802E-131
001-259-ham.eml	HAM	4.260713371948248887921424737E-59
001-265-ham.eml	HAM	2.686386324586309275259020242E-141
001-272-ham.eml	HAM	1.243253493776076725512695181E-108
001-274-ham.eml	HAM	1.732154715183064891433025711E-122
001-278-ham.eml	HAM	1.441427959489243910460428011E-126
001-285-ham.eml	HAM	1.119821530743281683991687259E-194
001-297-ham.eml	HAM	1.893263377589226724382078868E-128
001-298-ham.eml	HAM	2.902917773730540747165978392E-98
002-005-ham.eml	HAM	1.323311826772258836457794035E-169
002-007-ham.eml	HAM	2.874059283160189370926200830E-57
002-016-ham.eml	HAM	1.136563719023570424698110671E-88
002-018-ham.eml	HAM	3.171613419190636067309424661E-204
